<?xml version="1.0" encoding="UTF-8"?>
<testng-results ignored="0" total="4" passed="4" failed="0" skipped="0">
  <reporter-output>
  </reporter-output>
  <suite started-at="2023-03-10T18:20:36 IST" name="API Test for QTRIP" finished-at="2023-03-10T18:20:53 IST" duration-ms="16957">
    <groups>
      <group name="API TESTING">
        <method signature="testCase_API_01.TestCase01()[pri:1, instance:qtriptest.APITests.testCase_API_01@2dfaea86]" name="TestCase01" class="qtriptest.APITests.testCase_API_01"/>
        <method signature="testCase_API_02.TestCase02()[pri:2, instance:qtriptest.APITests.testCase_API_02@65f8f5ae]" name="TestCase02" class="qtriptest.APITests.testCase_API_02"/>
        <method signature="testCase_API_03.TestCase03()[pri:3, instance:qtriptest.APITests.testCase_API_03@68c9d179]" name="TestCase03" class="qtriptest.APITests.testCase_API_03"/>
        <method signature="testCase_API_04.Testcase04()[pri:4, instance:qtriptest.APITests.testCase_API_04@d554c5f]" name="Testcase04" class="qtriptest.APITests.testCase_API_04"/>
      </group> <!-- API TESTING -->
    </groups>
    <test started-at="2023-03-10T18:20:36 IST" name="TestCase" finished-at="2023-03-10T18:20:53 IST" duration-ms="16957">
      <class name="qtriptest.APITests.testCase_API_01">
        <test-method signature="TestCase01()[pri:1, instance:qtriptest.APITests.testCase_API_01@2dfaea86]" started-at="2023-03-10T18:20:51 IST" name="TestCase01" finished-at="2023-03-10T18:20:53 IST" duration-ms="2663" status="PASS">
          <reporter-output>
          </reporter-output>
        </test-method> <!-- TestCase01 -->
      </class> <!-- qtriptest.APITests.testCase_API_01 -->
      <class name="qtriptest.APITests.testCase_API_02">
        <test-method signature="TestCase02()[pri:2, instance:qtriptest.APITests.testCase_API_02@65f8f5ae]" started-at="2023-03-10T18:20:37 IST" name="TestCase02" finished-at="2023-03-10T18:20:42 IST" duration-ms="5936" status="PASS">
          <reporter-output>
          </reporter-output>
        </test-method> <!-- TestCase02 -->
      </class> <!-- qtriptest.APITests.testCase_API_02 -->
      <class name="qtriptest.APITests.testCase_API_03">
        <test-method signature="TestCase03()[pri:3, instance:qtriptest.APITests.testCase_API_03@68c9d179]" started-at="2023-03-10T18:20:42 IST" name="TestCase03" finished-at="2023-03-10T18:20:48 IST" duration-ms="5591" status="PASS">
          <reporter-output>
          </reporter-output>
        </test-method> <!-- TestCase03 -->
      </class> <!-- qtriptest.APITests.testCase_API_03 -->
      <class name="qtriptest.APITests.testCase_API_04">
        <test-method signature="Testcase04()[pri:4, instance:qtriptest.APITests.testCase_API_04@d554c5f]" started-at="2023-03-10T18:20:48 IST" name="Testcase04" finished-at="2023-03-10T18:20:51 IST" duration-ms="2657" status="PASS">
          <reporter-output>
          </reporter-output>
        </test-method> <!-- Testcase04 -->
      </class> <!-- qtriptest.APITests.testCase_API_04 -->
    </test> <!-- TestCase -->
  </suite> <!-- API Test for QTRIP -->
</testng-results>
